mode: set
rest-api/db/db.go:11.15,13.16 2 0
rest-api/db/db.go:13.16,14.36 1 0
rest-api/db/db.go:16.2,18.15 3 0
rest-api/db/db.go:21.20,28.16 3 0
rest-api/db/db.go:28.16,29.13 1 0
rest-api/db/db.go:32.2,43.16 3 0
rest-api/db/db.go:43.16,44.13 1 0
rest-api/models/events.go:17.30,19.16 2 0
rest-api/models/events.go:19.16,20.13 1 0
rest-api/models/events.go:22.2,23.18 2 0
rest-api/models/events.go:23.18,26.17 3 0
rest-api/models/events.go:26.17,27.14 1 0
rest-api/models/events.go:29.3,29.27 1 0
rest-api/models/events.go:31.2,32.12 2 0
rest-api/models/events.go:34.25,37.16 3 0
rest-api/models/events.go:37.16,38.13 1 0
rest-api/models/events.go:40.2,40.30 1 0
rest-api/models/events.go:45.49,50.16 5 0
rest-api/models/events.go:50.16,52.3 1 0
rest-api/models/events.go:53.2,53.15 1 0
rest-api/models/events.go:55.38,58.16 3 0
rest-api/models/events.go:58.16,60.3 1 0
rest-api/models/events.go:61.2,61.12 1 0
rest-api/models/events.go:63.38,66.16 3 0
rest-api/models/events.go:66.16,68.3 1 0
rest-api/models/events.go:69.2,69.12 1 0
rest-api/models/registration.go:11.44,14.16 3 0
rest-api/models/registration.go:14.16,16.3 1 0
rest-api/models/registration.go:17.2,17.12 1 0
rest-api/models/registration.go:19.48,22.16 3 0
rest-api/models/registration.go:22.16,24.3 1 0
rest-api/models/registration.go:25.2,25.12 1 0
rest-api/models/user.go:16.32,19.16 3 0
rest-api/models/user.go:19.16,21.3 1 0
rest-api/models/user.go:22.2,23.16 2 0
rest-api/models/user.go:23.16,25.3 1 0
rest-api/models/user.go:26.2,27.12 2 0
rest-api/models/user.go:29.37,32.16 3 0
rest-api/models/user.go:32.16,35.3 2 0
rest-api/models/user.go:36.2,37.17 2 0
rest-api/models/user.go:37.17,39.3 1 0
rest-api/models/user.go:40.2,41.25 2 0
rest-api/models/user.go:41.25,43.3 1 0
rest-api/models/user.go:44.2,44.16 1 0
rest-api/models/user.go:44.16,47.3 2 0
rest-api/models/user.go:48.2,49.16 2 0
rest-api/models/user.go:49.16,52.3 2 0
rest-api/models/user.go:53.2,53.12 1 0
rest-api/mocks/mock_user.go:26.67,30.2 3 0
rest-api/mocks/mock_user.go:33.65,35.2 1 0
rest-api/mocks/mock_user.go:38.60,43.2 4 0
rest-api/mocks/mock_user.go:46.79,49.2 2 0
rest-api/mocks/mock_user.go:52.65,57.2 4 0
rest-api/mocks/mock_user.go:60.84,63.2 2 0
rest-api/mocks/mock_user.go:77.53,81.2 3 0
rest-api/mocks/mock_user.go:84.51,86.2 1 0
rest-api/mocks/mock_user.go:89.76,95.2 5 0
rest-api/mocks/mock_user.go:98.85,101.2 2 0
rest-api/main.go:9.13,15.16 5 0
rest-api/main.go:15.16,17.3 1 0
rest-api/middlewares/auth.go:9.41,11.17 2 0
rest-api/middlewares/auth.go:11.17,14.3 2 0
rest-api/middlewares/auth.go:15.2,16.16 2 0
rest-api/middlewares/auth.go:16.16,19.3 2 0
rest-api/middlewares/auth.go:20.2,21.16 2 0
rest-api/utils/jwt.go:11.62,18.16 3 0
rest-api/utils/jwt.go:18.16,20.3 1 0
rest-api/utils/jwt.go:21.2,21.26 1 0
rest-api/utils/jwt.go:23.49,24.75 1 0
rest-api/utils/jwt.go:24.75,25.58 1 0
rest-api/utils/jwt.go:25.58,27.4 1 0
rest-api/utils/jwt.go:28.3,28.32 1 0
rest-api/utils/jwt.go:30.2,30.16 1 0
rest-api/utils/jwt.go:30.16,32.3 1 0
rest-api/utils/jwt.go:33.2,33.24 1 0
rest-api/utils/jwt.go:33.24,35.3 1 0
rest-api/utils/jwt.go:37.2,38.9 2 0
rest-api/utils/jwt.go:38.9,40.3 1 0
rest-api/utils/jwt.go:42.2,43.9 2 0
rest-api/utils/jwt.go:43.9,45.3 1 0
rest-api/utils/jwt.go:46.2,46.28 1 0
rest-api/utils/utils.go:5.52,7.16 2 0
rest-api/utils/utils.go:7.16,9.3 1 0
rest-api/utils/utils.go:10.2,10.46 1 0
rest-api/utils/utils.go:12.81,14.16 2 0
rest-api/utils/utils.go:14.16,16.3 1 0
rest-api/utils/utils.go:17.2,17.18 1 0
rest-api/db/db.go:11.15,13.16 2 0
rest-api/db/db.go:13.16,14.36 1 0
rest-api/db/db.go:16.2,18.15 3 0
rest-api/db/db.go:21.20,28.16 3 0
rest-api/db/db.go:28.16,29.13 1 0
rest-api/db/db.go:32.2,43.16 3 0
rest-api/db/db.go:43.16,44.13 1 0
rest-api/middlewares/auth.go:9.41,11.17 2 0
rest-api/middlewares/auth.go:11.17,14.3 2 0
rest-api/middlewares/auth.go:15.2,16.16 2 0
rest-api/middlewares/auth.go:16.16,19.3 2 0
rest-api/middlewares/auth.go:20.2,21.16 2 0
rest-api/mocks/mock_user.go:26.67,30.2 3 1
rest-api/mocks/mock_user.go:33.65,35.2 1 1
rest-api/mocks/mock_user.go:38.60,43.2 4 1
rest-api/mocks/mock_user.go:46.79,49.2 2 1
rest-api/mocks/mock_user.go:52.65,57.2 4 1
rest-api/mocks/mock_user.go:60.84,63.2 2 1
rest-api/mocks/mock_user.go:77.53,81.2 3 1
rest-api/mocks/mock_user.go:84.51,86.2 1 1
rest-api/mocks/mock_user.go:89.76,95.2 5 1
rest-api/mocks/mock_user.go:98.85,101.2 2 1
rest-api/models/events.go:17.30,19.16 2 0
rest-api/models/events.go:19.16,20.13 1 0
rest-api/models/events.go:22.2,23.18 2 0
rest-api/models/events.go:23.18,26.17 3 0
rest-api/models/events.go:26.17,27.14 1 0
rest-api/models/events.go:29.3,29.27 1 0
rest-api/models/events.go:31.2,32.12 2 0
rest-api/models/events.go:34.25,37.16 3 0
rest-api/models/events.go:37.16,38.13 1 0
rest-api/models/events.go:40.2,40.30 1 0
rest-api/models/events.go:45.49,50.16 5 0
rest-api/models/events.go:50.16,52.3 1 0
rest-api/models/events.go:53.2,53.15 1 0
rest-api/models/events.go:55.38,58.16 3 0
rest-api/models/events.go:58.16,60.3 1 0
rest-api/models/events.go:61.2,61.12 1 0
rest-api/models/events.go:63.38,66.16 3 0
rest-api/models/events.go:66.16,68.3 1 0
rest-api/models/events.go:69.2,69.12 1 0
rest-api/models/registration.go:11.44,14.16 3 0
rest-api/models/registration.go:14.16,16.3 1 0
rest-api/models/registration.go:17.2,17.12 1 0
rest-api/models/registration.go:19.48,22.16 3 0
rest-api/models/registration.go:22.16,24.3 1 0
rest-api/models/registration.go:25.2,25.12 1 0
rest-api/models/user.go:16.32,19.16 3 0
rest-api/models/user.go:19.16,21.3 1 0
rest-api/models/user.go:22.2,23.16 2 0
rest-api/models/user.go:23.16,25.3 1 0
rest-api/models/user.go:26.2,27.12 2 0
rest-api/models/user.go:29.37,32.16 3 0
rest-api/models/user.go:32.16,35.3 2 0
rest-api/models/user.go:36.2,37.17 2 0
rest-api/models/user.go:37.17,39.3 1 0
rest-api/models/user.go:40.2,41.25 2 0
rest-api/models/user.go:41.25,43.3 1 0
rest-api/models/user.go:44.2,44.16 1 0
rest-api/models/user.go:44.16,47.3 2 0
rest-api/models/user.go:48.2,49.16 2 0
rest-api/models/user.go:49.16,52.3 2 0
rest-api/models/user.go:53.2,53.12 1 0
rest-api/router/events.go:11.38,14.2 2 0
rest-api/router/events.go:15.37,17.16 2 0
rest-api/router/events.go:17.16,19.3 1 0
rest-api/router/events.go:20.2,21.16 2 0
rest-api/router/events.go:21.16,23.3 1 0
rest-api/router/events.go:24.2,24.47 1 0
rest-api/router/events.go:26.40,32.16 6 0
rest-api/router/events.go:32.16,35.3 2 0
rest-api/router/events.go:36.2,37.92 2 0
rest-api/router/events.go:41.40,43.16 2 0
rest-api/router/events.go:43.16,45.3 1 0
rest-api/router/events.go:46.2,47.16 2 0
rest-api/router/events.go:47.16,49.3 1 0
rest-api/router/events.go:50.2,54.16 4 0
rest-api/router/events.go:54.16,56.3 1 0
rest-api/router/events.go:57.2,58.16 2 0
rest-api/router/events.go:58.16,60.3 1 0
rest-api/router/events.go:61.2,61.77 1 0
rest-api/router/events.go:63.40,65.16 2 0
rest-api/router/events.go:65.16,67.3 1 0
rest-api/router/events.go:68.2,69.16 2 0
rest-api/router/events.go:69.16,71.3 1 0
rest-api/router/events.go:72.2,75.16 4 0
rest-api/router/events.go:75.16,77.3 1 0
rest-api/router/events.go:78.2,78.77 1 0
rest-api/router/registration.go:10.45,13.16 3 0
rest-api/router/registration.go:13.16,16.3 2 0
rest-api/router/registration.go:17.2,18.16 2 0
rest-api/router/registration.go:18.16,21.3 2 0
rest-api/router/registration.go:22.2,24.16 3 0
rest-api/router/registration.go:24.16,27.3 2 0
rest-api/router/registration.go:28.2,28.94 1 0
rest-api/router/registration.go:30.49,33.16 3 0
rest-api/router/registration.go:33.16,36.3 2 0
rest-api/router/registration.go:37.2,39.16 3 0
rest-api/router/registration.go:39.16,42.3 2 0
rest-api/router/registration.go:43.2,43.101 1 0
rest-api/router/routes.go:12.60,14.2 1 0
rest-api/router/routes.go:16.65,18.2 1 0
rest-api/router/routes.go:23.76,25.2 1 0
rest-api/router/routes.go:26.47,41.2 14 0
rest-api/router/user.go:23.58,28.2 1 1
rest-api/router/user.go:29.44,32.16 3 1
rest-api/router/user.go:32.16,34.3 1 1
rest-api/router/user.go:35.2,36.16 2 1
rest-api/router/user.go:36.16,38.3 1 1
rest-api/router/user.go:39.2,39.33 1 1
rest-api/router/user.go:41.43,44.16 3 1
rest-api/router/user.go:44.16,46.3 1 1
rest-api/router/user.go:47.2,48.16 2 1
rest-api/router/user.go:48.16,51.3 2 1
rest-api/router/user.go:52.2,53.16 2 1
rest-api/router/user.go:53.16,56.3 2 1
rest-api/router/user.go:57.2,58.48 2 1
rest-api/utils/jwt.go:11.62,18.16 3 0
rest-api/utils/jwt.go:18.16,20.3 1 0
rest-api/utils/jwt.go:21.2,21.26 1 0
rest-api/utils/jwt.go:23.49,24.75 1 0
rest-api/utils/jwt.go:24.75,25.58 1 0
rest-api/utils/jwt.go:25.58,27.4 1 0
rest-api/utils/jwt.go:28.3,28.32 1 0
rest-api/utils/jwt.go:30.2,30.16 1 0
rest-api/utils/jwt.go:30.16,32.3 1 0
rest-api/utils/jwt.go:33.2,33.24 1 0
rest-api/utils/jwt.go:33.24,35.3 1 0
rest-api/utils/jwt.go:37.2,38.9 2 0
rest-api/utils/jwt.go:38.9,40.3 1 0
rest-api/utils/jwt.go:42.2,43.9 2 0
rest-api/utils/jwt.go:43.9,45.3 1 0
rest-api/utils/jwt.go:46.2,46.28 1 0
rest-api/utils/utils.go:5.52,7.16 2 0
rest-api/utils/utils.go:7.16,9.3 1 0
rest-api/utils/utils.go:10.2,10.46 1 0
rest-api/utils/utils.go:12.81,14.16 2 0
rest-api/utils/utils.go:14.16,16.3 1 0
rest-api/utils/utils.go:17.2,17.18 1 0
