mode: set
rest-api/mocks/mock_events.go:26.71,30.2 3 0
rest-api/mocks/mock_events.go:33.69,35.2 1 0
rest-api/mocks/mock_events.go:38.79,44.2 5 0
rest-api/mocks/mock_events.go:47.88,50.2 2 0
rest-api/mocks/mock_events.go:53.56,56.2 2 0
rest-api/mocks/mock_events.go:59.80,62.2 2 0
rest-api/mocks/mock_user.go:26.67,30.2 3 0
rest-api/mocks/mock_user.go:33.65,35.2 1 0
rest-api/mocks/mock_user.go:38.60,43.2 4 0
rest-api/mocks/mock_user.go:46.79,49.2 2 0
rest-api/mocks/mock_user.go:52.65,57.2 4 0
rest-api/mocks/mock_user.go:60.84,63.2 2 0
rest-api/mocks/mock_user.go:77.53,81.2 3 0
rest-api/mocks/mock_user.go:84.51,86.2 1 0
rest-api/mocks/mock_user.go:89.76,95.2 5 0
rest-api/mocks/mock_user.go:98.85,101.2 2 0
rest-api/db/db.go:11.15,13.16 2 0
rest-api/db/db.go:13.16,14.36 1 0
rest-api/db/db.go:16.2,18.15 3 0
rest-api/db/db.go:21.20,28.16 3 0
rest-api/db/db.go:28.16,29.13 1 0
rest-api/db/db.go:32.2,43.16 3 0
rest-api/db/db.go:43.16,44.13 1 0
rest-api/middlewares/auth.go:9.41,11.17 2 0
rest-api/middlewares/auth.go:11.17,14.3 2 0
rest-api/middlewares/auth.go:15.2,16.16 2 0
rest-api/middlewares/auth.go:16.16,19.3 2 0
rest-api/middlewares/auth.go:20.2,21.16 2 0
rest-api/main.go:9.13,15.16 5 0
rest-api/main.go:15.16,17.3 1 0
rest-api/models/events.go:19.30,21.16 2 0
rest-api/models/events.go:21.16,22.13 1 0
rest-api/models/events.go:24.2,24.18 1 0
rest-api/models/events.go:24.18,27.17 3 0
rest-api/models/events.go:27.17,28.14 1 0
rest-api/models/events.go:30.3,30.27 1 0
rest-api/models/events.go:32.2,33.12 2 0
rest-api/models/events.go:35.25,38.16 3 0
rest-api/models/events.go:38.16,39.13 1 0
rest-api/models/events.go:41.2,41.30 1 0
rest-api/models/events.go:46.49,51.16 5 0
rest-api/models/events.go:51.16,53.3 1 0
rest-api/models/events.go:54.2,54.15 1 0
rest-api/models/events.go:56.38,59.16 3 0
rest-api/models/events.go:59.16,61.3 1 0
rest-api/models/events.go:62.2,62.12 1 0
rest-api/models/events.go:64.38,67.16 3 0
rest-api/models/events.go:67.16,69.3 1 0
rest-api/models/events.go:70.2,70.12 1 0
rest-api/models/registration.go:11.44,14.16 3 0
rest-api/models/registration.go:14.16,16.3 1 0
rest-api/models/registration.go:17.2,17.12 1 0
rest-api/models/registration.go:19.48,22.16 3 0
rest-api/models/registration.go:22.16,24.3 1 0
rest-api/models/registration.go:25.2,25.12 1 0
rest-api/models/user.go:16.32,19.16 3 0
rest-api/models/user.go:19.16,21.3 1 0
rest-api/models/user.go:22.2,23.16 2 0
rest-api/models/user.go:23.16,25.3 1 0
rest-api/models/user.go:26.2,27.12 2 0
rest-api/models/user.go:29.37,32.16 3 0
rest-api/models/user.go:32.16,35.3 2 0
rest-api/models/user.go:36.2,37.17 2 0
rest-api/models/user.go:37.17,39.3 1 0
rest-api/models/user.go:40.2,41.25 2 0
rest-api/models/user.go:41.25,43.3 1 0
rest-api/models/user.go:44.2,44.16 1 0
rest-api/models/user.go:44.16,47.3 2 0
rest-api/models/user.go:48.2,49.16 2 0
rest-api/models/user.go:49.16,52.3 2 0
rest-api/models/user.go:53.2,53.12 1 0
rest-api/utils/jwt.go:11.62,18.16 3 0
rest-api/utils/jwt.go:18.16,20.3 1 0
rest-api/utils/jwt.go:21.2,21.26 1 0
rest-api/utils/jwt.go:23.49,24.75 1 0
rest-api/utils/jwt.go:24.75,25.58 1 0
rest-api/utils/jwt.go:25.58,27.4 1 0
rest-api/utils/jwt.go:28.3,28.32 1 0
rest-api/utils/jwt.go:30.2,30.16 1 0
rest-api/utils/jwt.go:30.16,32.3 1 0
rest-api/utils/jwt.go:33.2,33.24 1 0
rest-api/utils/jwt.go:33.24,35.3 1 0
rest-api/utils/jwt.go:37.2,38.9 2 0
rest-api/utils/jwt.go:38.9,40.3 1 0
rest-api/utils/jwt.go:42.2,43.9 2 0
rest-api/utils/jwt.go:43.9,45.3 1 0
rest-api/utils/jwt.go:46.2,46.28 1 0
rest-api/utils/utils.go:5.52,7.16 2 0
rest-api/utils/utils.go:7.16,9.3 1 0
rest-api/utils/utils.go:10.2,10.46 1 0
rest-api/utils/utils.go:12.81,14.16 2 0
rest-api/utils/utils.go:14.16,16.3 1 0
rest-api/utils/utils.go:17.2,17.18 1 0
rest-api/db/db.go:11.15,13.16 2 0
rest-api/db/db.go:13.16,14.36 1 0
rest-api/db/db.go:16.2,18.15 3 0
rest-api/db/db.go:21.20,28.16 3 0
rest-api/db/db.go:28.16,29.13 1 0
rest-api/db/db.go:32.2,43.16 3 0
rest-api/db/db.go:43.16,44.13 1 0
rest-api/middlewares/auth.go:9.41,11.17 2 0
rest-api/middlewares/auth.go:11.17,14.3 2 0
rest-api/middlewares/auth.go:15.2,16.16 2 0
rest-api/middlewares/auth.go:16.16,19.3 2 0
rest-api/middlewares/auth.go:20.2,21.16 2 0
rest-api/mocks/mock_events.go:26.71,30.2 3 1
rest-api/mocks/mock_events.go:33.69,35.2 1 1
rest-api/mocks/mock_events.go:38.79,44.2 5 0
rest-api/mocks/mock_events.go:47.88,50.2 2 0
rest-api/mocks/mock_events.go:53.56,56.2 2 1
rest-api/mocks/mock_events.go:59.80,62.2 2 1
rest-api/mocks/mock_user.go:26.67,30.2 3 1
rest-api/mocks/mock_user.go:33.65,35.2 1 1
rest-api/mocks/mock_user.go:38.60,43.2 4 1
rest-api/mocks/mock_user.go:46.79,49.2 2 1
rest-api/mocks/mock_user.go:52.65,57.2 4 1
rest-api/mocks/mock_user.go:60.84,63.2 2 1
rest-api/mocks/mock_user.go:77.53,81.2 3 1
rest-api/mocks/mock_user.go:84.51,86.2 1 1
rest-api/mocks/mock_user.go:89.76,95.2 5 1
rest-api/mocks/mock_user.go:98.85,101.2 2 1
rest-api/models/events.go:19.30,21.16 2 0
rest-api/models/events.go:21.16,22.13 1 0
rest-api/models/events.go:24.2,24.18 1 0
rest-api/models/events.go:24.18,27.17 3 0
rest-api/models/events.go:27.17,28.14 1 0
rest-api/models/events.go:30.3,30.27 1 0
rest-api/models/events.go:32.2,33.12 2 0
rest-api/models/events.go:35.25,38.16 3 0
rest-api/models/events.go:38.16,39.13 1 0
rest-api/models/events.go:41.2,41.30 1 0
rest-api/models/events.go:46.49,51.16 5 0
rest-api/models/events.go:51.16,53.3 1 0
rest-api/models/events.go:54.2,54.15 1 0
rest-api/models/events.go:56.38,59.16 3 0
rest-api/models/events.go:59.16,61.3 1 0
rest-api/models/events.go:62.2,62.12 1 0
rest-api/models/events.go:64.38,67.16 3 0
rest-api/models/events.go:67.16,69.3 1 0
rest-api/models/events.go:70.2,70.12 1 0
rest-api/models/registration.go:11.44,14.16 3 0
rest-api/models/registration.go:14.16,16.3 1 0
rest-api/models/registration.go:17.2,17.12 1 0
rest-api/models/registration.go:19.48,22.16 3 0
rest-api/models/registration.go:22.16,24.3 1 0
rest-api/models/registration.go:25.2,25.12 1 0
rest-api/models/user.go:16.32,19.16 3 0
rest-api/models/user.go:19.16,21.3 1 0
rest-api/models/user.go:22.2,23.16 2 0
rest-api/models/user.go:23.16,25.3 1 0
rest-api/models/user.go:26.2,27.12 2 0
rest-api/models/user.go:29.37,32.16 3 0
rest-api/models/user.go:32.16,35.3 2 0
rest-api/models/user.go:36.2,37.17 2 0
rest-api/models/user.go:37.17,39.3 1 0
rest-api/models/user.go:40.2,41.25 2 0
rest-api/models/user.go:41.25,43.3 1 0
rest-api/models/user.go:44.2,44.16 1 0
rest-api/models/user.go:44.16,47.3 2 0
rest-api/models/user.go:48.2,49.16 2 0
rest-api/models/user.go:49.16,52.3 2 0
rest-api/models/user.go:53.2,53.12 1 0
rest-api/router/events.go:19.61,23.2 1 1
rest-api/router/events.go:24.38,27.2 2 0
rest-api/router/events.go:28.56,30.16 2 0
rest-api/router/events.go:30.16,32.3 1 0
rest-api/router/events.go:33.2,34.16 2 0
rest-api/router/events.go:34.16,36.3 1 0
rest-api/router/events.go:37.2,37.47 1 0
rest-api/router/events.go:39.59,44.16 5 1
rest-api/router/events.go:44.16,47.3 2 1
rest-api/router/events.go:48.2,49.92 2 1
rest-api/router/events.go:52.59,54.16 2 0
rest-api/router/events.go:54.16,56.3 1 0
rest-api/router/events.go:57.2,58.16 2 0
rest-api/router/events.go:58.16,60.3 1 0
rest-api/router/events.go:61.2,65.16 4 0
rest-api/router/events.go:65.16,67.3 1 0
rest-api/router/events.go:68.2,69.16 2 0
rest-api/router/events.go:69.16,71.3 1 0
rest-api/router/events.go:72.2,72.77 1 0
rest-api/router/events.go:74.59,76.16 2 0
rest-api/router/events.go:76.16,78.3 1 0
rest-api/router/events.go:79.2,80.16 2 0
rest-api/router/events.go:80.16,82.3 1 0
rest-api/router/events.go:83.2,86.16 4 0
rest-api/router/events.go:86.16,88.3 1 0
rest-api/router/events.go:89.2,89.77 1 0
rest-api/router/registration.go:10.45,13.16 3 0
rest-api/router/registration.go:13.16,16.3 2 0
rest-api/router/registration.go:17.2,18.16 2 0
rest-api/router/registration.go:18.16,21.3 2 0
rest-api/router/registration.go:22.2,24.16 3 0
rest-api/router/registration.go:24.16,27.3 2 0
rest-api/router/registration.go:28.2,28.94 1 0
rest-api/router/registration.go:30.49,33.16 3 0
rest-api/router/registration.go:33.16,36.3 2 0
rest-api/router/registration.go:37.2,39.16 3 0
rest-api/router/registration.go:39.16,42.3 2 0
rest-api/router/registration.go:43.2,43.101 1 0
rest-api/router/routes.go:12.60,14.2 1 0
rest-api/router/routes.go:15.65,17.2 1 0
rest-api/router/routes.go:22.76,24.2 1 0
rest-api/router/routes.go:29.72,31.2 1 0
rest-api/router/routes.go:32.48,34.2 1 0
rest-api/router/routes.go:36.47,53.2 16 0
rest-api/router/user.go:23.66,28.2 1 1
rest-api/router/user.go:30.48,33.16 3 1
rest-api/router/user.go:33.16,35.3 1 1
rest-api/router/user.go:36.2,37.16 2 1
rest-api/router/user.go:37.16,39.3 1 1
rest-api/router/user.go:40.2,40.33 1 1
rest-api/router/user.go:42.47,45.16 3 1
rest-api/router/user.go:45.16,47.3 1 1
rest-api/router/user.go:48.2,49.16 2 1
rest-api/router/user.go:49.16,52.3 2 1
rest-api/router/user.go:53.2,54.16 2 1
rest-api/router/user.go:54.16,57.3 2 1
rest-api/router/user.go:58.2,59.48 2 1
rest-api/utils/jwt.go:11.62,18.16 3 0
rest-api/utils/jwt.go:18.16,20.3 1 0
rest-api/utils/jwt.go:21.2,21.26 1 0
rest-api/utils/jwt.go:23.49,24.75 1 0
rest-api/utils/jwt.go:24.75,25.58 1 0
rest-api/utils/jwt.go:25.58,27.4 1 0
rest-api/utils/jwt.go:28.3,28.32 1 0
rest-api/utils/jwt.go:30.2,30.16 1 0
rest-api/utils/jwt.go:30.16,32.3 1 0
rest-api/utils/jwt.go:33.2,33.24 1 0
rest-api/utils/jwt.go:33.24,35.3 1 0
rest-api/utils/jwt.go:37.2,38.9 2 0
rest-api/utils/jwt.go:38.9,40.3 1 0
rest-api/utils/jwt.go:42.2,43.9 2 0
rest-api/utils/jwt.go:43.9,45.3 1 0
rest-api/utils/jwt.go:46.2,46.28 1 0
rest-api/utils/utils.go:5.52,7.16 2 0
rest-api/utils/utils.go:7.16,9.3 1 0
rest-api/utils/utils.go:10.2,10.46 1 0
rest-api/utils/utils.go:12.81,14.16 2 0
rest-api/utils/utils.go:14.16,16.3 1 0
rest-api/utils/utils.go:17.2,17.18 1 0
